RUN	computerdatabase.ComputerDatabaseSimulation	computerdatabasesimulation	1701339190460	test	3.9.5
USER	Admins	START	1701339192425
USER	Users	START	1701339192425
USER	Users	START	1701339193390
REQUEST		Home	1701339192418	1701339193632	OK	 
REQUEST		Home	1701339192418	1701339193644	OK	 
REQUEST		Home Redirect 1	1701339193641	1701339193877	OK	 
REQUEST		Home Redirect 1	1701339193645	1701339193877	OK	 
REQUEST		Home	1701339193389	1701339194019	OK	 
REQUEST		Home Redirect 1	1701339194020	1701339194233	OK	 
USER	Users	START	1701339194391
REQUEST		Home	1701339194389	1701339195013	OK	 
REQUEST		Search	1701339194902	1701339195115	OK	 
REQUEST		Search	1701339194902	1701339195121	OK	 
REQUEST		Home Redirect 1	1701339195013	1701339195232	OK	 
USER	Users	START	1701339195388
REQUEST		Search	1701339195238	1701339195447	OK	 
REQUEST		Home	1701339195387	1701339196007	OK	 
REQUEST		Home Redirect 1	1701339196008	1701339196222	OK	 
USER	Users	START	1701339196387
REQUEST		Select	1701339196190	1701339196396	OK	 
REQUEST		Select	1701339196190	1701339196398	OK	 
REQUEST		Search	1701339196233	1701339196439	OK	 
REQUEST		Select	1701339196458	1701339196667	OK	 
REQUEST		Home	1701339196385	1701339197230	OK	 
USER	Users	START	1701339197390
USER	Admins	START	1701339197390
REQUEST		Search	1701339197226	1701339197434	OK	 
REQUEST		Home Redirect 1	1701339197230	1701339197447	OK	 
REQUEST		Page 0	1701339197408	1701339197619	OK	 
REQUEST		Page 0	1701339197408	1701339197622	OK	 
REQUEST		Select	1701339197447	1701339197651	OK	 
REQUEST		Page 0	1701339197670	1701339197877	OK	 
REQUEST		Home	1701339197389	1701339198025	OK	 
REQUEST		Home	1701339197389	1701339198033	OK	 
REQUEST		Home Redirect 1	1701339198026	1701339198235	OK	 
REQUEST		Home Redirect 1	1701339198033	1701339198244	OK	 
USER	Users	START	1701339198389
REQUEST		Select	1701339198439	1701339198649	OK	 
REQUEST		Search	1701339198452	1701339198695	OK	 
REQUEST		Page 1	1701339198625	1701339198831	OK	 
REQUEST		Page 1	1701339198628	1701339198833	OK	 
REQUEST		Page 0	1701339198659	1701339198862	OK	 
REQUEST		Home	1701339198386	1701339199021	OK	 
REQUEST		Page 1	1701339198880	1701339199085	OK	 
REQUEST		Home Redirect 1	1701339199022	1701339199235	OK	 
USER	Users	START	1701339199388
REQUEST		Search	1701339199239	1701339199446	OK	 
REQUEST		Search	1701339199249	1701339199453	OK	 
REQUEST		Page 0	1701339199656	1701339199861	OK	 
REQUEST		Select	1701339199702	1701339199929	OK	 
REQUEST		Home	1701339199387	1701339199996	OK	 
REQUEST		Page 2	1701339199836	1701339200037	OK	 
REQUEST		Page 2	1701339199836	1701339200039	OK	 
REQUEST		Page 1	1701339199866	1701339200070	OK	 
REQUEST		Home Redirect 1	1701339199996	1701339200206	OK	 
REQUEST		Page 2	1701339200089	1701339200299	OK	 
USER	Users	START	1701339200389
REQUEST		Search	1701339200241	1701339200450	OK	 
REQUEST		Select	1701339200452	1701339200658	OK	 
REQUEST		Select	1701339200460	1701339200674	OK	 
REQUEST		Home	1701339200387	1701339201019	OK	 
REQUEST		Page 1	1701339200867	1701339201072	OK	 
REQUEST		Page 0	1701339200931	1701339201144	OK	 
REQUEST		Home Redirect 1	1701339201019	1701339201235	OK	 
REQUEST		Page 3	1701339201040	1701339201240	OK	 
REQUEST		Page 3	1701339201045	1701339201247	OK	 
REQUEST		Page 2	1701339201071	1701339201289	OK	 
USER	Users	START	1701339201390
REQUEST		Search	1701339201209	1701339201411	OK	 
REQUEST		Page 3	1701339201301	1701339201506	OK	 
REQUEST		Select	1701339201454	1701339201664	OK	 
REQUEST		Page 0	1701339201661	1701339201868	OK	 
REQUEST		Page 0	1701339201677	1701339201882	OK	 
REQUEST		Home	1701339201390	1701339202020	OK	 
REQUEST		Home Redirect 1	1701339202020	1701339202237	OK	 
USER	Users	END	1701339202244
REQUEST		Page 2	1701339202078	1701339202282	OK	 
REQUEST		Page 1	1701339202150	1701339202360	OK	 
REQUEST		Search	1701339202237	1701339202449	OK	 
REQUEST		Form	1701339202252	1701339202460	OK	 
REQUEST		Page 3	1701339202293	1701339202496	OK	 
USER	Users	END	1701339202508
REQUEST		Select	1701339202417	1701339202621	OK	 
REQUEST		Page 0	1701339202670	1701339202880	OK	 
REQUEST		Page 1	1701339202875	1701339203084	OK	 
REQUEST		Page 1	1701339202886	1701339203102	OK	 
REQUEST		Search	1701339203244	1701339203454	OK	 
REQUEST		Page 3	1701339203286	1701339203490	OK	 
USER	Users	END	1701339203499
REQUEST		Page 2	1701339203364	1701339203574	OK	 
REQUEST		Select	1701339203453	1701339203662	OK	 
REQUEST		Post	1701339203471	1701339203676	OK	 
REQUEST		Page 0	1701339203628	1701339203832	OK	 
REQUEST		Post Redirect 1	1701339203687	1701339203892	KO	status.find.is(201), but actually found 200
REQUEST		Page 1	1701339203883	1701339204091	OK	 
REQUEST		Form	1701339203897	1701339204100	OK	 
REQUEST		Page 2	1701339204090	1701339204296	OK	 
REQUEST		Page 2	1701339204108	1701339204313	OK	 
USER	Users	END	1701339204492
REQUEST		Select	1701339204460	1701339204678	OK	 
REQUEST		Page 3	1701339204577	1701339204788	OK	 
REQUEST		Page 0	1701339204664	1701339204878	OK	 
REQUEST		Page 1	1701339204836	1701339205037	OK	 
REQUEST		Page 2	1701339205094	1701339205304	OK	 
REQUEST		Post	1701339205105	1701339205307	OK	 
REQUEST		Page 3	1701339205299	1701339205507	OK	 
REQUEST		Post Redirect 1	1701339205308	1701339205514	OK	 
USER	Admins	END	1701339205516
REQUEST		Page 3	1701339205315	1701339205519	OK	 
USER	Users	END	1701339205793
REQUEST		Page 0	1701339205682	1701339205890	OK	 
REQUEST		Page 1	1701339205882	1701339206096	OK	 
REQUEST		Page 2	1701339206042	1701339206244	OK	 
USER	Users	END	1701339206513
REQUEST		Page 3	1701339206309	1701339206519	OK	 
REQUEST		Form	1701339206524	1701339206734	OK	 
REQUEST		Page 1	1701339206893	1701339207098	OK	 
REQUEST		Page 2	1701339207100	1701339207305	OK	 
REQUEST		Page 3	1701339207249	1701339207451	OK	 
USER	Users	END	1701339207520
REQUEST		Post	1701339207736	1701339207942	OK	 
REQUEST		Post Redirect 1	1701339207943	1701339208148	KO	status.find.is(201), but actually found 200
REQUEST		Page 2	1701339208105	1701339208317	OK	 
REQUEST		Form	1701339208149	1701339208359	OK	 
USER	Users	END	1701339208456
REQUEST		Page 3	1701339208312	1701339208522	OK	 
USER	Users	END	1701339209527
REQUEST		Page 3	1701339209324	1701339209532	OK	 
REQUEST		Post	1701339209363	1701339209577	OK	 
REQUEST		Post Redirect 1	1701339209577	1701339209782	KO	status.find.is(201), but actually found 200
USER	Admins	END	1701339209784
USER	Users	END	1701339210536
